[2026-03-06 14:23:14] run_ui start
[2026-03-06 14:23:14] ENV selected: C:\Users\user\PycharmProjects\PythonProject\app\.env
[2026-03-06 14:23:14] streamlit entry found: C:\Users\user\PycharmProjects\PythonProject\app\streamlit_app\app.py
[2026-03-06 14:23:14] STREAMLIT_GLOBAL_DEVELOPMENT_MODE=false
[2026-03-06 14:23:14] STREAMLIT_SERVER_ADDRESS=None
[2026-03-06 14:23:14] STREAMLIT_SERVER_PORT=None
[2026-03-06 14:23:14] sys.argv=['streamlit', 'run', 'C:\\Users\\user\\PycharmProjects\\PythonProject\\app\\streamlit_app\\app.py', '--server.headless', 'true', '--browser.gatherUsageStats', 'false', '--global.developmentMode', 'false']
[2026-03-09 11:49:18] run_ui start
[2026-03-09 11:49:18] ENV selected: C:\Users\user\PycharmProjects\PythonProject\app\.env
[2026-03-09 11:49:18] streamlit entry found: C:\Users\user\PycharmProjects\PythonProject\app\streamlit_app\app.py
[2026-03-09 11:49:18] STREAMLIT_GLOBAL_DEVELOPMENT_MODE=false
[2026-03-09 11:49:18] STREAMLIT_SERVER_ADDRESS=None
[2026-03-09 11:49:18] STREAMLIT_SERVER_PORT=None
[2026-03-09 11:49:18] MPLBACKEND=Agg
[2026-03-09 11:49:18] matplotlib backend forced: Agg
[2026-03-09 11:49:18] sys.argv=['streamlit', 'run', 'C:\\Users\\user\\PycharmProjects\\PythonProject\\app\\streamlit_app\\app.py', '--server.headless', 'true', '--browser.gatherUsageStats', 'false', '--global.developmentMode', 'false']
[2026-03-09 12:18:39] run_ui start
[2026-03-09 12:18:39] ENV selected: C:\Users\user\PycharmProjects\PythonProject\app\.env
[2026-03-09 12:18:39] streamlit entry found: C:\Users\user\PycharmProjects\PythonProject\app\streamlit_app\app.py
[2026-03-09 12:18:39] STREAMLIT_GLOBAL_DEVELOPMENT_MODE=false
[2026-03-09 12:18:39] STREAMLIT_SERVER_ADDRESS=None
[2026-03-09 12:18:39] STREAMLIT_SERVER_PORT=None
[2026-03-09 12:18:39] MPLBACKEND=Agg
[2026-03-09 12:18:39] matplotlib backend forced: Agg
[2026-03-09 12:18:39] sys.argv=['streamlit', 'run', 'C:\\Users\\user\\PycharmProjects\\PythonProject\\app\\streamlit_app\\app.py', '--server.headless', 'true', '--browser.gatherUsageStats', 'false', '--global.developmentMode', 'false']
[2026-03-09 12:20:08] run_ui start
[2026-03-09 12:20:08] ENV selected: C:\Users\user\PycharmProjects\PythonProject\app\.env
[2026-03-09 12:20:08] streamlit entry found: C:\Users\user\PycharmProjects\PythonProject\app\streamlit_app\app.py
[2026-03-09 12:20:08] STREAMLIT_GLOBAL_DEVELOPMENT_MODE=false
[2026-03-09 12:20:08] STREAMLIT_SERVER_ADDRESS=None
[2026-03-09 12:20:08] STREAMLIT_SERVER_PORT=None
[2026-03-09 12:20:08] MPLBACKEND=Agg
[2026-03-09 12:20:08] matplotlib backend forced: Agg
[2026-03-09 12:20:08] sys.argv=['streamlit', 'run', 'C:\\Users\\user\\PycharmProjects\\PythonProject\\app\\streamlit_app\\app.py', '--server.headless', 'true', '--browser.gatherUsageStats', 'false', '--global.developmentMode', 'false']
[2026-03-10 08:58:31] run_ui start
[2026-03-10 08:58:31] ENV selected: C:\Users\user\PycharmProjects\PythonProject\app\.env
[2026-03-10 08:58:31] streamlit entry found: C:\Users\user\PycharmProjects\PythonProject\app\streamlit_app\app.py
[2026-03-10 08:58:31] STREAMLIT_GLOBAL_DEVELOPMENT_MODE=false
[2026-03-10 08:58:31] STREAMLIT_SERVER_ADDRESS=None
[2026-03-10 08:58:31] STREAMLIT_SERVER_PORT=None
[2026-03-10 08:58:31] MPLBACKEND=Agg
[2026-03-10 08:58:31] matplotlib backend forced: Agg
[2026-03-10 08:58:31] sys.argv=['streamlit', 'run', 'C:\\Users\\user\\PycharmProjects\\PythonProject\\app\\streamlit_app\\app.py', '--server.headless', 'true', '--browser.gatherUsageStats', 'false', '--global.developmentMode', 'false']
[2026-03-10 09:31:36] run_ui start
[2026-03-10 09:31:36] ENV selected: C:\Users\user\PycharmProjects\PythonProject\app\.env
[2026-03-10 09:31:36] streamlit entry found: C:\Users\user\PycharmProjects\PythonProject\app\streamlit_app\app.py
[2026-03-10 09:31:36] STREAMLIT_GLOBAL_DEVELOPMENT_MODE=false
[2026-03-10 09:31:36] STREAMLIT_SERVER_ADDRESS=None
[2026-03-10 09:31:36] STREAMLIT_SERVER_PORT=None
[2026-03-10 09:31:36] MPLBACKEND=Agg
[2026-03-10 09:31:37] matplotlib backend forced: Agg
[2026-03-10 09:31:37] sys.argv=['streamlit', 'run', 'C:\\Users\\user\\PycharmProjects\\PythonProject\\app\\streamlit_app\\app.py', '--server.headless', 'true', '--browser.gatherUsageStats', 'false', '--global.developmentMode', 'false']
[2026-03-10 10:24:16] run_ui start
[2026-03-10 10:24:16] ENV selected: C:\Users\user\PycharmProjects\PythonProject\app\.env
[2026-03-10 10:24:16] streamlit entry found: C:\Users\user\PycharmProjects\PythonProject\app\streamlit_app\app.py
[2026-03-10 10:24:16] STREAMLIT_GLOBAL_DEVELOPMENT_MODE=false
[2026-03-10 10:24:16] STREAMLIT_SERVER_ADDRESS=None
[2026-03-10 10:24:16] STREAMLIT_SERVER_PORT=None
[2026-03-10 10:24:16] MPLBACKEND=Agg
[2026-03-10 10:24:17] matplotlib backend forced: Agg
[2026-03-10 10:24:17] sys.argv=['streamlit', 'run', 'C:\\Users\\user\\PycharmProjects\\PythonProject\\app\\streamlit_app\\app.py', '--server.headless', 'true', '--browser.gatherUsageStats', 'false', '--global.developmentMode', 'false']
[2026-03-10 10:41:08] run_ui start
[2026-03-10 10:41:08] ENV selected: C:\Users\user\PycharmProjects\PythonProject\app\.env
[2026-03-10 10:41:08] streamlit entry found: C:\Users\user\PycharmProjects\PythonProject\app\streamlit_app\app.py
[2026-03-10 10:41:08] STREAMLIT_GLOBAL_DEVELOPMENT_MODE=false
[2026-03-10 10:41:08] STREAMLIT_SERVER_ADDRESS=None
[2026-03-10 10:41:08] STREAMLIT_SERVER_PORT=None
[2026-03-10 10:41:08] MPLBACKEND=Agg
[2026-03-10 10:41:08] matplotlib backend forced: Agg
[2026-03-10 10:41:08] sys.argv=['streamlit', 'run', 'C:\\Users\\user\\PycharmProjects\\PythonProject\\app\\streamlit_app\\app.py', '--server.headless', 'true', '--browser.gatherUsageStats', 'false', '--global.developmentMode', 'false']
[2026-03-10 11:06:59] run_ui start
[2026-03-10 11:06:59] ENV selected: C:\Users\user\PycharmProjects\PythonProject\app\.env
[2026-03-10 11:06:59] streamlit entry found: C:\Users\user\PycharmProjects\PythonProject\app\streamlit_app\app.py
[2026-03-10 11:06:59] STREAMLIT_GLOBAL_DEVELOPMENT_MODE=false
[2026-03-10 11:06:59] STREAMLIT_SERVER_ADDRESS=None
[2026-03-10 11:06:59] STREAMLIT_SERVER_PORT=None
[2026-03-10 11:06:59] MPLBACKEND=Agg
[2026-03-10 11:06:59] matplotlib backend forced: Agg
[2026-03-10 11:06:59] sys.argv=['streamlit', 'run', 'C:\\Users\\user\\PycharmProjects\\PythonProject\\app\\streamlit_app\\app.py', '--server.headless', 'true', '--browser.gatherUsageStats', 'false', '--global.developmentMode', 'false']
[2026-03-10 11:30:03] run_ui start
[2026-03-10 11:30:03] ENV selected: C:\Users\user\PycharmProjects\PythonProject\app\.env
[2026-03-10 11:30:03] streamlit entry found: C:\Users\user\PycharmProjects\PythonProject\app\streamlit_app\app.py
[2026-03-10 11:30:03] STREAMLIT_GLOBAL_DEVELOPMENT_MODE=false
[2026-03-10 11:30:03] STREAMLIT_SERVER_ADDRESS=None
[2026-03-10 11:30:03] STREAMLIT_SERVER_PORT=None
[2026-03-10 11:30:03] MPLBACKEND=Agg
[2026-03-10 11:30:03] matplotlib backend forced: Agg
[2026-03-10 11:30:03] sys.argv=['streamlit', 'run', 'C:\\Users\\user\\PycharmProjects\\PythonProject\\app\\streamlit_app\\app.py', '--server.headless', 'true', '--browser.gatherUsageStats', 'false', '--global.developmentMode', 'false']
[2026-03-10 11:51:31] run_ui start
[2026-03-10 11:51:31] ENV selected: C:\Users\user\PycharmProjects\PythonProject\app\.env
[2026-03-10 11:51:31] streamlit entry found: C:\Users\user\PycharmProjects\PythonProject\app\streamlit_app\app.py
[2026-03-10 11:51:31] STREAMLIT_GLOBAL_DEVELOPMENT_MODE=false
[2026-03-10 11:51:31] STREAMLIT_SERVER_ADDRESS=None
[2026-03-10 11:51:31] STREAMLIT_SERVER_PORT=None
[2026-03-10 11:51:31] MPLBACKEND=Agg
[2026-03-10 11:51:31] matplotlib backend forced: Agg
[2026-03-10 11:51:31] sys.argv=['streamlit', 'run', 'C:\\Users\\user\\PycharmProjects\\PythonProject\\app\\streamlit_app\\app.py', '--server.headless', 'true', '--browser.gatherUsageStats', 'false', '--global.developmentMode', 'false']
[2026-03-10 12:13:45] run_ui start
[2026-03-10 12:13:45] ENV selected: C:\Users\user\PycharmProjects\PythonProject\app\.env
[2026-03-10 12:13:45] streamlit entry found: C:\Users\user\PycharmProjects\PythonProject\app\streamlit_app\app.py
[2026-03-10 12:13:45] STREAMLIT_GLOBAL_DEVELOPMENT_MODE=false
[2026-03-10 12:13:45] STREAMLIT_SERVER_ADDRESS=None
[2026-03-10 12:13:45] STREAMLIT_SERVER_PORT=None
[2026-03-10 12:13:45] MPLBACKEND=Agg
[2026-03-10 12:13:46] matplotlib backend forced: Agg
[2026-03-10 12:13:46] sys.argv=['streamlit', 'run', 'C:\\Users\\user\\PycharmProjects\\PythonProject\\app\\streamlit_app\\app.py', '--server.headless', 'true', '--browser.gatherUsageStats', 'false', '--global.developmentMode', 'false']
[2026-03-10 12:33:21] run_ui start
[2026-03-10 12:33:21] ENV selected: C:\Users\user\PycharmProjects\PythonProject\app\.env
[2026-03-10 12:33:21] streamlit entry found: C:\Users\user\PycharmProjects\PythonProject\app\streamlit_app\app.py
[2026-03-10 12:33:21] STREAMLIT_GLOBAL_DEVELOPMENT_MODE=false
[2026-03-10 12:33:21] STREAMLIT_SERVER_ADDRESS=None
[2026-03-10 12:33:21] STREAMLIT_SERVER_PORT=None
[2026-03-10 12:33:21] MPLBACKEND=Agg
[2026-03-10 12:33:21] matplotlib backend forced: Agg
[2026-03-10 12:33:21] sys.argv=['streamlit', 'run', 'C:\\Users\\user\\PycharmProjects\\PythonProject\\app\\streamlit_app\\app.py', '--server.headless', 'true', '--browser.gatherUsageStats', 'false', '--global.developmentMode', 'false']
[2026-03-11 22:20:44] run_ui start
[2026-03-11 22:20:44] ENV selected: C:\Users\user\PycharmProjects\PythonProject\app\.env
[2026-03-11 22:20:44] streamlit entry found: C:\Users\user\PycharmProjects\PythonProject\app\streamlit_app\app.py
[2026-03-11 22:20:44] STREAMLIT_GLOBAL_DEVELOPMENT_MODE=false
[2026-03-11 22:20:44] STREAMLIT_SERVER_ADDRESS=None
[2026-03-11 22:20:44] STREAMLIT_SERVER_PORT=None
[2026-03-11 22:20:44] MPLBACKEND=Agg
[2026-03-11 22:20:44] matplotlib backend forced: Agg
[2026-03-11 22:20:44] sys.argv=['streamlit', 'run', 'C:\\Users\\user\\PycharmProjects\\PythonProject\\app\\streamlit_app\\app.py', '--server.headless', 'true', '--browser.gatherUsageStats', 'false', '--global.developmentMode', 'false']
[2026-03-12 06:35:51] run_ui start
[2026-03-12 06:35:51] ENV selected: C:\Users\user\PycharmProjects\PythonProject\app\.env
[2026-03-12 06:35:51] streamlit entry found: C:\Users\user\PycharmProjects\PythonProject\app\streamlit_app\app.py
[2026-03-12 06:35:51] STREAMLIT_GLOBAL_DEVELOPMENT_MODE=false
[2026-03-12 06:35:51] STREAMLIT_SERVER_ADDRESS=None
[2026-03-12 06:35:51] STREAMLIT_SERVER_PORT=None
[2026-03-12 06:35:51] MPLBACKEND=Agg
[2026-03-12 06:35:51] matplotlib backend forced: Agg
[2026-03-12 06:35:51] sys.argv=['streamlit', 'run', 'C:\\Users\\user\\PycharmProjects\\PythonProject\\app\\streamlit_app\\app.py', '--server.headless', 'true', '--browser.gatherUsageStats', 'false', '--global.developmentMode', 'false']
[2026-03-12 06:41:36] run_ui start
[2026-03-12 06:41:36] ENV selected: C:\Users\user\PycharmProjects\PythonProject\app\.env
[2026-03-12 06:41:36] streamlit entry found: C:\Users\user\PycharmProjects\PythonProject\app\streamlit_app\app.py
[2026-03-12 06:41:36] STREAMLIT_GLOBAL_DEVELOPMENT_MODE=false
[2026-03-12 06:41:36] STREAMLIT_SERVER_ADDRESS=None
[2026-03-12 06:41:36] STREAMLIT_SERVER_PORT=None
[2026-03-12 06:41:36] MPLBACKEND=Agg
[2026-03-12 06:41:36] matplotlib backend forced: Agg
[2026-03-12 06:41:36] sys.argv=['streamlit', 'run', 'C:\\Users\\user\\PycharmProjects\\PythonProject\\app\\streamlit_app\\app.py', '--server.headless', 'true', '--browser.gatherUsageStats', 'false', '--global.developmentMode', 'false']
[2026-03-12 07:16:34] run_ui start
[2026-03-12 07:16:34] ENV selected: C:\Users\user\PycharmProjects\PythonProject\app\.env
[2026-03-12 07:16:34] streamlit entry found: C:\Users\user\PycharmProjects\PythonProject\app\streamlit_app\app.py
[2026-03-12 07:16:34] STREAMLIT_GLOBAL_DEVELOPMENT_MODE=false
[2026-03-12 07:16:34] STREAMLIT_SERVER_ADDRESS=None
[2026-03-12 07:16:34] STREAMLIT_SERVER_PORT=None
[2026-03-12 07:16:34] MPLBACKEND=Agg
[2026-03-12 07:16:34] matplotlib backend forced: Agg
[2026-03-12 07:16:34] sys.argv=['streamlit', 'run', 'C:\\Users\\user\\PycharmProjects\\PythonProject\\app\\streamlit_app\\app.py', '--server.headless', 'true', '--browser.gatherUsageStats', 'false', '--global.developmentMode', 'false']
